z:\igmprofile\desktop\github\ggpengine\x64\debug\pixelshader.cso
z:\igmprofile\desktop\github\ggpengine\x64\debug\vertexshader.cso
z:\igmprofile\desktop\github\ggpengine\x64\debug\skyboxpixelshader.cso
z:\igmprofile\desktop\github\ggpengine\x64\debug\skyboxvertexshader.cso
z:\igmprofile\desktop\github\ggpengine\dx11starter\x64\debug\vc141.pdb
z:\igmprofile\desktop\github\ggpengine\dx11starter\x64\debug\vc141.idb
z:\igmprofile\desktop\github\ggpengine\dx11starter\x64\debug\camera.obj
z:\igmprofile\desktop\github\ggpengine\dx11starter\x64\debug\creature.obj
z:\igmprofile\desktop\github\ggpengine\dx11starter\x64\debug\dxcore.obj
z:\igmprofile\desktop\github\ggpengine\dx11starter\x64\debug\game.obj
z:\igmprofile\desktop\github\ggpengine\dx11starter\x64\debug\gameentity.obj
z:\igmprofile\desktop\github\ggpengine\dx11starter\x64\debug\main.obj
z:\igmprofile\desktop\github\ggpengine\dx11starter\x64\debug\material.obj
z:\igmprofile\desktop\github\ggpengine\dx11starter\x64\debug\mesh.obj
z:\igmprofile\desktop\github\ggpengine\dx11starter\x64\debug\simpleshader.obj
z:\igmprofile\desktop\github\ggpengine\x64\debug\dx11starter.pdb
z:\igmprofile\desktop\github\ggpengine\dx11starter\x64\debug\dx11starter.tlog\link.command.1.tlog
z:\igmprofile\desktop\github\ggpengine\dx11starter\x64\debug\dx11starter.tlog\dx11starter.write.1u.tlog
z:\igmprofile\desktop\github\ggpengine\dx11starter\x64\debug\dx11starter.tlog\fxc.read.1.tlog
z:\igmprofile\desktop\github\ggpengine\dx11starter\x64\debug\dx11starter.tlog\link.read.1.tlog
z:\igmprofile\desktop\github\ggpengine\dx11starter\x64\debug\dx11starter.tlog\link-rc.write.1.tlog
z:\igmprofile\desktop\github\ggpengine\dx11starter\x64\debug\dx11starter.tlog\link-cvtres.write.1.tlog
z:\igmprofile\desktop\github\ggpengine\dx11starter\x64\debug\dx11starter.tlog\cl.command.1.tlog
z:\igmprofile\desktop\github\ggpengine\dx11starter\x64\debug\dx11starter.tlog\cl.read.1.tlog
z:\igmprofile\desktop\github\ggpengine\dx11starter\x64\debug\dx11starter.tlog\cl.write.1.tlog
z:\igmprofile\desktop\github\ggpengine\dx11starter\x64\debug\dx11starter.tlog\fxc.command.1.tlog
z:\igmprofile\desktop\github\ggpengine\dx11starter\x64\debug\dx11starter.tlog\fxc.write.1.tlog
z:\igmprofile\desktop\github\ggpengine\dx11starter\x64\debug\dx11starter.tlog\link.write.1.tlog
z:\igmprofile\desktop\github\ggpengine\dx11starter\x64\debug\dx11starter.tlog\link-rc.read.1.tlog
z:\igmprofile\desktop\github\ggpengine\dx11starter\x64\debug\dx11starter.tlog\link-cvtres.read.1.tlog
